<?xml version="1.0" encoding="UTF-8"?>
<testng-results ignored="4" total="5" passed="1" failed="0" skipped="0">
  <reporter-output>
  </reporter-output>
  <suite started-at="2023-07-10T18:02:09 IST" name="Default suite" finished-at="2023-07-10T18:02:11 IST" duration-ms="2196">
    <groups>
    </groups>
    <test started-at="2023-07-10T18:02:09 IST" name="Default test" finished-at="2023-07-10T18:02:11 IST" duration-ms="2196">
      <class name="com.practice.ReSESTAssuredPractice">
        <test-method signature="deleteMethod()[pri:0, instance:com.practice.ReSESTAssuredPractice@6d4e5011]" started-at="2023-07-10T18:02:09 IST" name="deleteMethod" finished-at="2023-07-10T18:02:11 IST" duration-ms="2147" status="PASS">
          <reporter-output>
          </reporter-output>
        </test-method> <!-- deleteMethod -->
      </class> <!-- com.practice.ReSESTAssuredPractice -->
    </test> <!-- Default test -->
  </suite> <!-- Default suite -->
</testng-results>
