<?xml version="1.0" encoding="UTF-8"?>
<!-- Generated by org.testng.reporters.JUnitXMLReporter -->
<testsuite ignored="4" hostname="DESKTOP-R6OG8FM" failures="0" tests="1" name="Default test" time="2.196" errors="0" timestamp="2023-07-10T18:02:11 IST">
  <testcase classname="com.practice.ReSESTAssuredPractice" name="deleteMethod" time="2.147"/>
  <testcase classname="com.practice.ReSESTAssuredPractice" name="patchMethod" time="0.0">
    <ignored/>
  </testcase> <!-- patchMethod -->
  <testcase classname="com.practice.ReSESTAssuredPractice" name="getMethod" time="0.0">
    <ignored/>
  </testcase> <!-- getMethod -->
  <testcase classname="com.practice.ReSESTAssuredPractice" name="putMethod" time="0.0">
    <ignored/>
  </testcase> <!-- putMethod -->
  <testcase classname="com.practice.ReSESTAssuredPractice" name="postMethod" time="0.0">
    <ignored/>
  </testcase> <!-- postMethod -->
</testsuite> <!-- Default test -->
